[debug] [2026-06-23T21:01:39.310Z] ----------------------------------------------------------------------
[debug] [2026-06-23T21:01:39.315Z] Command:       C:\Program Files\nodejs\node.exe C:\Users\Kubilay GÜZEL\AppData\Roaming\npm\node_modules\firebase-tools\lib\bin\firebase.js deploy --only hosting
[debug] [2026-06-23T21:01:39.316Z] CLI Version:   15.0.0
[debug] [2026-06-23T21:01:39.316Z] Platform:      win32
[debug] [2026-06-23T21:01:39.317Z] Node Version:  v24.12.0
[debug] [2026-06-23T21:01:39.317Z] Time:          Wed Jun 24 2026 00:01:39 GMT+0300 (GMT+03:00)
[debug] [2026-06-23T21:01:39.317Z] ----------------------------------------------------------------------
[debug] 
[debug] [2026-06-23T21:01:42.345Z] > command requires scopes: ["email","openid","https://www.googleapis.com/auth/cloudplatformprojects.readonly","https://www.googleapis.com/auth/firebase","https://www.googleapis.com/auth/cloud-platform"]
[debug] [2026-06-23T21:01:42.346Z] > authorizing via signed-in user (kubilayguzel@evrekagroup.com)
[debug] [2026-06-23T21:01:42.346Z] [iam] checking project ipgate-31bd2 for permissions ["firebase.projects.get","firebasehosting.sites.update"]
[debug] [2026-06-23T21:01:42.349Z] Checked if tokens are valid: true, expires at: 1782250961999
[debug] [2026-06-23T21:01:42.350Z] Checked if tokens are valid: true, expires at: 1782250961999
[debug] [2026-06-23T21:01:42.351Z] >>> [apiv2][query] POST https://cloudresourcemanager.googleapis.com/v1/projects/ipgate-31bd2:testIamPermissions [none]
[debug] [2026-06-23T21:01:42.352Z] >>> [apiv2][(partial)header] POST https://cloudresourcemanager.googleapis.com/v1/projects/ipgate-31bd2:testIamPermissions x-goog-quota-user=projects/ipgate-31bd2
[debug] [2026-06-23T21:01:42.352Z] >>> [apiv2][body] POST https://cloudresourcemanager.googleapis.com/v1/projects/ipgate-31bd2:testIamPermissions {"permissions":["firebase.projects.get","firebasehosting.sites.update"]}
[debug] [2026-06-23T21:01:43.514Z] <<< [apiv2][status] POST https://cloudresourcemanager.googleapis.com/v1/projects/ipgate-31bd2:testIamPermissions 200
[debug] [2026-06-23T21:01:43.514Z] <<< [apiv2][body] POST https://cloudresourcemanager.googleapis.com/v1/projects/ipgate-31bd2:testIamPermissions {"permissions":["firebase.projects.get","firebasehosting.sites.update"]}
[debug] [2026-06-23T21:01:43.516Z] Checked if tokens are valid: true, expires at: 1782250961999
[debug] [2026-06-23T21:01:43.516Z] Checked if tokens are valid: true, expires at: 1782250961999
[debug] [2026-06-23T21:01:43.517Z] >>> [apiv2][query] GET https://firebase.googleapis.com/v1beta1/projects/ipgate-31bd2 [none]
[debug] [2026-06-23T21:01:44.015Z] <<< [apiv2][status] GET https://firebase.googleapis.com/v1beta1/projects/ipgate-31bd2 200
[debug] [2026-06-23T21:01:44.015Z] <<< [apiv2][body] GET https://firebase.googleapis.com/v1beta1/projects/ipgate-31bd2 {"projectId":"ipgate-31bd2","projectNumber":"105921768418","displayName":"IPGATE- Prod","name":"projects/ipgate-31bd2","resources":{"hostingSite":"ipgate-31bd2"},"state":"ACTIVE","etag":"1_59e2c0f2-d0d3-47cc-bc9b-74d1d23cd2f4"}
[info] 
[info] === Deploying to 'ipgate-31bd2'...
[info] 
[info] i  deploying hosting 
[debug] [2026-06-23T21:01:44.036Z] Checked if tokens are valid: true, expires at: 1782250961999
[debug] [2026-06-23T21:01:44.036Z] Checked if tokens are valid: true, expires at: 1782250961999
[debug] [2026-06-23T21:01:44.036Z] >>> [apiv2][query] POST https://firebasehosting.googleapis.com/v1beta1/projects/-/sites/ipgate-31bd2/versions [none]
[debug] [2026-06-23T21:01:44.036Z] >>> [apiv2][body] POST https://firebasehosting.googleapis.com/v1beta1/projects/-/sites/ipgate-31bd2/versions {"status":"CREATED","labels":{"deployment-tool":"cli-firebase"}}
[debug] [2026-06-23T21:01:46.207Z] <<< [apiv2][status] POST https://firebasehosting.googleapis.com/v1beta1/projects/-/sites/ipgate-31bd2/versions 200
[debug] [2026-06-23T21:01:46.208Z] <<< [apiv2][body] POST https://firebasehosting.googleapis.com/v1beta1/projects/-/sites/ipgate-31bd2/versions {"name":"projects/105921768418/sites/ipgate-31bd2/versions/65ebc6eb26e5c015","status":"CREATED","config":{},"labels":{"deployment-tool":"cli-firebase"}}
[info] i  hosting[ipgate-31bd2]: beginning deploy... 
[info] i  hosting[ipgate-31bd2]: found 130 files in public 
[debug] [2026-06-23T21:01:46.275Z] [hosting] uploading with 200 concurrency
[debug] [2026-06-23T21:01:46.318Z] Checked if tokens are valid: true, expires at: 1782250961999
[debug] [2026-06-23T21:01:46.319Z] Checked if tokens are valid: true, expires at: 1782250961999
[debug] [2026-06-23T21:01:46.322Z] [hosting] hash cache [cHVibGlj] stored for 130 files
[debug] [2026-06-23T21:01:46.323Z] [hosting][hash queue][FINAL] {"max":28,"min":0,"avg":1.799891656062229,"active":0,"complete":130,"success":130,"errored":0,"retried":0,"total":130,"elapsed":42}
[debug] [2026-06-23T21:01:46.324Z] >>> [apiv2][query] POST https://firebasehosting.googleapis.com/v1beta1/projects/105921768418/sites/ipgate-31bd2/versions/65ebc6eb26e5c015:populateFiles [none]
[debug] [2026-06-23T21:01:46.324Z] >>> [apiv2][body] POST https://firebasehosting.googleapis.com/v1beta1/projects/105921768418/sites/ipgate-31bd2/versions/65ebc6eb26e5c015:populateFiles {"files":{"/utils.js":"9ca7c4384cc149442533aacbb718df9e13b7b35d65e4c3d74c587157b4b1586c","/user-management.html":"3fcacbbf55be08c4c3df014a96857c6bb8bdfeb9f2df2e2fb0c2aeb506836aec","/triggered-tasks.html":"538d97ed2f5fefc5434a001359aa9dadf6e6837c42c3311347d4dca59c817edd","/trigger-index.html":"cfe8c477310a4278358f9844f8ef459a190ed44bda220a75f7dfc1a4181f4eca","/trademark-similarity-search.html":"589e4e6282b132cf69e1e08791545233ae7469f9b2bce677e5036c383f6305a7","/tp-icon.png":"f791ce50e3490d2306f743b3baa50264cc2212e8eaaadd34ab78c79a2ee76938","/tp-file-transfer.html":"9d5e503dc7bdc4e7193dc0e996875d38ee43c4592bc24a012912cc5fe80cbd3b","/task-update.html":"f576e19a8f9e3c3777c5e7dbf8324e9689e79d4f31d066b058369fcf23795e92","/task-management.html":"c71117b4f181cae629903579414ab81622b510ef1876e6c8bb7bef91c6e4b3e1","/supabase-config.js":"7da79d2c39de19548b5c801fa96fee463c937202a1949c589d4faa4e69dd192f","/suit-detail.html":"ce9ab0a3bd47983bd8e0430dd396406f02197cfc0ee844903a4dbc50767b7471","/shared_layout_parts.html":"e6ada66ea18ddf07e18175c0278e18433bc789606e2ccb695b20ae4574d47acf","/scheduled-tasks.html":"8f3dead0f3ed851cbdfd98d7dc640bef8ec5514baad6891767ecf5d77a74baee","/reset-password.html":"4febf8059913a3273fe0f043386dcf39448d464afbc778475f7402fb67ff36cf","/reports.html":"db63e01024fd3437d6976e2750274611a24484f29ce324bc1de4959fbf651717","/reminders.html":"56320b3a821352cfeb05b7330ec5f8fce72bffa00aee539b5831d8fca1c8254b","/privacy-policy2.html":"c4eda62ea8b5d31b84dc6049408fab199e8217415a98257fc2001126b306321f","/privacy-policy.html":"baaff39827d6c0aa1929441a5392c1d29e7e84662d80366905071d619dbee293","/price-lists.html":"653460d10fe1afad105d4dc8fec638109d06162c0efd6ef2cf46c27c3e22d5fa","/portfolio.html":"362802cc34699085c002ec44565b957b4f7de6c39cdc174d89add814ecc2b313","/portfolio-detail.html":"2696bf293625fe2cbcd0149289442dd28f50b949a01e66f020ff3f3f69425ca8","/persons.html":"c4c139d086eda19e2764798e23b814033eab3ac75c52e0e6285b5ff284479bcd","/notifications.html":"df085d9bfe57266c4b840c2e0b6a095730b41b6e43f191edefa0fc740573e0c4","/my-tasks.html":"56e6b731d1094e06ae6cd3600144e8edef81d4acf85d0be4e707f11ca1a8a461","/monitoring-trademarks.html":"819a32a5605bd96061f46be2d90d5ea1fa29977e19abec0f8be69b2533dc366f","/logo.png":"f0f9f0be13ded13de414458e866b519de11621bdd9a3084a6ba3f25f69bb6c94","/indexing-detail.html":"f17d376828a7f415ab9f990e591b002b94c7d97b98973cfb0217162d2f926b19","/index.html":"5cb80174d078d37cbae509500941789f14c8a750ecea6e32870aa5c4af57c310","/favicon.ico":"bcac679aa88d6796a3885781dd51e132f7ea1864b405a3c96c267966a3235e39","/excel-upload.html":"cd17be3179a037edcd9d8221fdf70572271a75d37d66b38298daea708f1fffe6","/evreka-logo.png":"c82196a30d8dc53d76fbad93459baac9033a1dbd4e7d99a420b99d949a1161c4","/eklenti-kurulum.html":"6f727a98c87b6885e3788b52e2ef0939bc9ee95d1a0c352580ff080fa631e73b","/data-entry.html":"746afd6f438284bc8cbc86e1b7b9acdf2723582048ec2ce5e966a177670c4677","/dashboard.html":"04d403fd7462bf8666ab068a7c2b7dd9a40845d4debd3d79983247bcf736952b","/create-task.html":"7b17a29a9f62a8475ef11f4347f14e306b6fe6ea526701c65da0fc73d376d35b","/client-portal.html":"be33c081d2ef397a2051c98bad1d88cbc1593ec58ee9d4b05339fcc381350fbd","/client-pending.html":"ac0cf8d8da4eb4b878ded423fc443eedc3e7832d9d06635a82020080a376bd1b","/bulletin-upload.html":"e9e380c4c3cf00c2d8ab547438eb04b9bdb70cc8d98894fa21a125eb529e6401","/bulletin-search.html":"2929cf97a4418262bed31f9327f66d4b725b48b91e43cfe0a2e891bc3aa4b8d5","/bulletin-scraper.html":"c2e50f1b77390be15823a49dae60a9e6da58fc184975d7216a5df49b3f5a0fdd","/bulk-indexing-page.html":"b45f4d085e1c48e870c79605cabfea46d546a7873de06bbfaa04b12d388b2dbe","/accruals.html":"94929d2637b3c9dde219378272d7c81b424532b7d4e565088da0acef027c7bc2","/js/turkpatent-mapper.js":"9cb83fc14d652492f170fed2f8da9595caffd3ceede13a6d61b60318e9efedb2","/js/trademark-similarity-search.js":"dee8d5d488155afa65d63fcd10130e611fd066026b06ffd765c36c8a0f1ba20c","/js/tp-file-transfer.js":"bf422f530b56cd4d9cb5aca490b699366815663a477cf67a2c24c048418ed35e","/js/table-manager.js":"1b36fcdac8f3b14aa92c74198244e14cbe119bfd251364b4e8c994f1a5af8e2b","/js/simple-loading.js":"07eeb9277980616226879ee177778a1296b9f3a9bd1bb498ce41031f06dda375","/js/pagination.js":"36f646f3b257578796cb110778a8ef82988993d502ee0f140f7b6b0149b9573d","/js/notifications.js":"9460b3a3a4c7dc80765ae746cf7129ab2a98849811c94b8aff9bd750b23523e0","/js/nice-classification.js":"6a2ec566c1fea075e6dc42959c5cb67e01b03dc52bc4e338ee9f4d5666dcc482","/js/layout-loader.js":"b517ace248115946212a5fc75e2089e5f9ca3007b109fbf78e3373b6a6ddba7c","/js/deadline-highlighter.js":"03f447ff2ccb747e1a064e777ae62504adbdcfa989df0a448d8bf0d56f136562","/js/date-pickers.js":"96acce5880fcb416e43122a2daa83176f34539389dd485e35cc1703f0964c83e","/js/create-portfolio-by-opposition.js":"4485148b63cb61cfca94ec98b8676cfe7d3785849b9b75d30c8a40418ce1d281","/js/bulletin-upload.js":"635b7f4bba09938455691073b9cf74e2c490871221246e9da54c4d5adecf9009","/js/bulletin-search.js":"f98cd79539e76dacb5d6c94979d6a29b64a50ffad03f9269dbbcbff9a8ff25df","/js/bulletin-parser.js":"430a777ad7f0def846c8736b1d1dd1a7e0b368e1f5c989e47da67b8c065fa2f2","/js/trademark-similarity/visual-match.js":"51527de5b9354a44ef0916a076149e3ea5c206e8d9db2741e81f29f3b7b62cab","/js/trademark-similarity/scorer.js":"e94430abb1fd1f0cdb2907e7a2d51efd65cc3a01d570941f4bf931c81e6a83ee","/js/trademark-similarity/run-search.js":"98f547b363332bc3f3504a2faccabde4669baaed83585e851e3b6224437bbbd9","/js/trademark-similarity/preprocess.js":"41c2d80c84d7bfc07c6caf7f1ff8d36a2afec61cad9d4ad048aa1328163dd04f","/js/trademark-similarity/phonetic.js":"dadd09d845c6422668792fefecacf84187cad4d31de52e019900e515e16b2af1","/js/trademark-similarity/filters.js":"f936c1f32206a9785a961bd7f05ae266b168db63b113f857562f0db3ab063f8e","/js/task-update/TaskUpdateUIManager.js":"001981d9c37e42bb1acfc70e8ef6f90fd62dfb6151bd4f0c8430933200abf270","/js/task-update/TaskUpdateDataManager.js":"4f840a3a012c87c4f7fc3f02c8d9559709648b16f287f4308363748d78a6cc07","/js/task-update/main.js":"3aab7c6bfcf9bdaa11612523ade4d02382c0ffb7d38fa902657c0e52f29e102c","/js/task-management/triggered-tasks.js":"9dbaea536cb3e12f6e1d2706fb4e6a194e9828165a8b71a3aec90351bffe5b25","/js/task-management/main.js":"0fcc3f4c7c0bc098efa6fc407d5ebd45739038725c7062acfddaf14c2ac167ff","/js/reports/OppositionReport.js":"bb747cbe3567cd527662eea0d78cf1429056dbb953ca686bf6b558e253af501a","/js/reports/main.js":"4c44d5ff3d08aab8276077863f8129baab15807369479798f9522552a6a051e4","/js/reports/ClientReportAdminManager.js":"e01145713d3abca291c5fa360f82b2f4aa4449f5e160550b990d9526e9418cca","/js/price-list-management/PriceListUIManager.js":"f795995a6c2bca5a2a2d0123a7cc8a56cdf592ca23495f1fed4bf3e5b9539a17","/js/price-list-management/PriceListDataManager.js":"f41e3a2c62c1af90433c434d11574d56adeeb46de3cb270c7e7dd823321db115","/js/price-list-management/main.js":"f7efb78a33f55ac2a7d62e750bb1d888fba2f5fd29da2283b2691c19f58298b4","/js/portfolio/PortfolioRenderer.js":"248cd9745282ace416abda04fe0ddd4b3a73c189ecf51409c08fa99af1a1d2c8","/js/portfolio/PortfolioDetailManager.js":"be378b7ba0fb827116861f5575c454ea84c628533932d20c785517244eb1e93b","/js/portfolio/PortfolioDataManager.js":"c51bf158dcec16c0793c298b22e3c19c92af8c5af6c369e174e6d2ee5dc7b359","/js/portfolio/main.js":"6894dc15fe18908328d2cb3e2a8cfd4a2297911087ac5eee1ed3242c2f72cc5a","/js/persons/PersonUIManager.js":"674de92ccba396e424701f195752520402114ebac7dbc22ef30b83601eba92b8","/js/persons/PersonDataManager.js":"01007d9d933af9906fbfae1d2b0b95bb5df999ad63868a05eb38cd2f8c30ceb2","/js/monitoring/MonitoringRenderer.js":"30d681018bfce4c244f78ff34cb6df849dedf7b6e5632b70d1e408ff9f1922e3","/js/monitoring/MonitoringDataManager.js":"7cb4c2a6188f6ae1ac05165f3fac4c175f062d699e0f4faee7c4aac008c9e6ed","/js/monitoring/main.js":"a1fa6110abe6e2b81f5ffb4406ba1cd4326bacd6b7a0e1902e4f073a870ebb93","/js/indexing/record-matcher.js":"cfaa675559d6dc2f308b29b255732c5fa3fd682c2b74cbe8948514cd274086f8","/js/indexing/portfolio-update-manager.js":"6db4cd57b9b924823c27a53ed87f785aaab83380aa3e14755d90298af9ae407b","/js/indexing/manuel-pdf-transaction-manager.js":"6d73cb76c5fa4d7b864827d48faf781798d5f075ac161ebc5fc46d658a999e3e","/js/indexing/filename-parser.js":"5c8c4ab8dfd5915fb65fac6d192a5b85ec40c3671bee616ff35a4774b5477d3a","/js/indexing/etebs-manager.js":"d302a78222db6e7190575b63e419afc46ed404f6dc0d4238d910c2b151516783","/js/indexing/epats-ui-manager.js":"0b0a7bc94e6da3cc2b4de9ee5a801dbd4d51262f3fc09f21077b3c9b265028b6","/js/indexing/document-review-manager.js":"043e626470857c4e68263ee5ae855edab9a528d39058ff4c4dd65828d4940836","/js/data-entry/strategies.js":"91133f7dbf44ab7efd6573d88c69e6cc0162df96581c29544ae2a9c95ec6d1a0","/js/data-entry/form-templates.js":"ebb6bdf588a30265cffa9b58a19cc677f63ca4f4f2c9e2501bcac2ec47a796fd","/js/data-entry/data-entry.js":"3044950a9728c7581f5af3b5214ee79c0ed57c57ad207d5a9dbef0e6af2d4173","/js/create-task/TaskValidator.js":"0895d9698194636e6ff55aa8d3a6df55080ab1170dd780fd340716a6a255bd3d","/js/create-task/TaskUIManager.js":"161f3d2713111c4217407be6727e5e6741bb81bde542d82808fc3c48bc43029a","/js/create-task/TaskSubmitHandler.js":"668f653febeadde027767d88b7c3fc0d09485e0079a41ff286d66b694abb0bea","/js/create-task/TaskDataManager.js":"696a52e3dfc16c880a21dea06ed2a0d6901e4d9b8408b4fb9201fce743da8af8","/js/create-task/TaskConstants.js":"63dbbdc47891b641392064ac1bf16664787ee2cda6b782d3dcd5c11387e93fc2","/js/create-task/main.js":"90aacd3936cd3df2ad288f27bcbda83da25bc9a9eddacd15032b3eb277c15bea","/js/components/TaskDetailManager.js":"a29b8a9f37f45e6255d719651415a56c19e936a7c36751665cc0f7e0f2d8867e","/js/components/PersonModalManager.js":"58b965b323bb0d16cab832ad7f82e28d426f258aab5ee07ddff982ec1bcf056f","/js/components/EditCriteriaModalManager.js":"fffe370af5952855c77c9974f557d75f8ba7d48502bcb12ffbc30d4e905e38eb","/js/components/AccrualFormManager.js":"cd5a81987ca555d738849507533d7653216b4be37bfbb4c76b9eb1699dc15bb0","/js/client-portal/TaskManager.js":"6f33cec0313ba92da5de57920fdf736016a1677c9e371239fee17c9c300f53e9","/js/client-portal/RenderHelper.js":"1a7257a50495ff0b03985454d6ca54aeade98eb7c3c35c1a1bd0a408263b382e","/js/client-portal/PortfolioManager.js":"c6f369c29edf86d4e1eeaf16663f63857648dd52fce2859aab7e749d63723c85","/js/client-portal/main.js":"cb7e855bb0c3012734f742e7c9d472caa57e1ced1e54c292924334ef14285dd8","/js/client-portal/InvoiceManager.js":"8f9c7cfd932f447d69cabf034841db3842c4810539f4128a2d3f5b9f26ec0a27","/js/client-portal/CustomReportManager.js":"201a50dffbe7423f06009c2685519100cfda02703024ce9589ea79e4dcdecf06","/js/client-portal/ContractManager.js":"c5398d7ea017e44fe24d27b245918f1606369e40ee85cb5ab6a0364bbe4eb0c8","/js/client-portal/AuthManager.js":"ad8ccc22d68b5bbe0e1634e0b5254495e076bf085fe7304b50e4e9f7b8d5132f","/js/accrual-management/main.js":"7eca6e691091da08130c8cd2484f765f03f78fcb1d47565ab92e197897fa9cd9","/js/accrual-management/DebitNoteManager.js":"c6543ddb546ee01d11ea7332813c505d267de36401fd31a2780b9fd6fcae0011","/js/accrual-management/AccrualUIManager.js":"7a7db9e7eb8bb1a428c02368fac81152ae36596371b18db240d35253b1d77e3f","/js/accrual-management/AccrualDataManager.js":"a5247019387f44ea6878a3643500cccef4674dca88fb5011f338e186837427d5","/functions/utils.js":"7607195d4b93ba60acffaa924e2687695ea7020eea64f5eb5785dc8210e55cca","/functions/package.json":"0fbcf16458217ab3f16d6565058a936acc194b5b8274e61163f3317281bd806e","/functions/package-lock.json":"68bd74f18d0fd5924fe6c4fa630482dcdb2135c2a6129ea47b39a081646a24e7","/functions/index.js":"e0cf6f2c7d18d03e73a7e6161c45375ff156b89a8824d1586365458c9c8e6378","/functions/handleBatch.js":"0bac6f87ead7334d79d13bfe455f462d109173243dee929e34c2ff23a3cb7ac6","/functions/env.json":"36037b71a009ad2b3c5ab99e11510c49c5180cdd2f8676f58759d72819c3c250","/css/trademark-search.css":"e48b834e47689bd26f45c6f8e05814512d76bcc1a3a1d4808df993e7b34706a4","/css/task-update.css":"63cc7fe77696b40f62b0a0ef896ddbad061d6c54ba70a8647d25c2983c604245","/css/task-management.css":"16cb1f87d6da8e5e328ee17850cd6ac5505fdcd779e56ed4f6a2417ea3261801","/css/simple-loading.css":"522cee0b97f1d79a54378170cc34921018fa0d5098d113892c13b5ea4f8f4dc3","/css/shared-styles.css":"403c7efdcd06a3311210d409fa6622e9e51022370481fd21f9800ce4aa0a1038","/css/persons.css":"087ddf0c6fdd07968e385b1ade85621d76e634e597e2939a93e5de315b5430a8","/css/deadline-highlighter.css":"ce70d494285bf1bb452a428ce878b3b30698652ea0abc134c245db83e6a7b0e2","/css/data-entry.css":"cece0ab0776b597edb4179844656dc57d47a906d7f2a0cdd2144843c963c715f","/js/task-management/my-tasks.js":"c94b0615991d69b9cb5fc4bb2f58ed7f6595138f7068ee33b603f73fbde87890"}}
[debug] [2026-06-23T21:01:47.599Z] <<< [apiv2][status] POST https://firebasehosting.googleapis.com/v1beta1/projects/105921768418/sites/ipgate-31bd2/versions/65ebc6eb26e5c015:populateFiles 200
[debug] [2026-06-23T21:01:47.600Z] <<< [apiv2][body] POST https://firebasehosting.googleapis.com/v1beta1/projects/105921768418/sites/ipgate-31bd2/versions/65ebc6eb26e5c015:populateFiles {"uploadRequiredHashes":["c94b0615991d69b9cb5fc4bb2f58ed7f6595138f7068ee33b603f73fbde87890"],"uploadUrl":"https://upload-firebasehosting.googleapis.com/upload/sites/ipgate-31bd2/versions/65ebc6eb26e5c015/files"}
[debug] [2026-06-23T21:01:47.604Z] Checked if tokens are valid: true, expires at: 1782250961999
[debug] [2026-06-23T21:01:47.605Z] Checked if tokens are valid: true, expires at: 1782250961999
[debug] [2026-06-23T21:01:47.606Z] >>> [apiv2][query] POST https://upload-firebasehosting.googleapis.com/upload/sites/ipgate-31bd2/versions/65ebc6eb26e5c015/files/c94b0615991d69b9cb5fc4bb2f58ed7f6595138f7068ee33b603f73fbde87890 [none]
[debug] [2026-06-23T21:01:47.607Z] >>> [apiv2][body] POST https://upload-firebasehosting.googleapis.com/upload/sites/ipgate-31bd2/versions/65ebc6eb26e5c015/files/c94b0615991d69b9cb5fc4bb2f58ed7f6595138f7068ee33b603f73fbde87890 [stream]
[debug] [2026-06-23T21:01:47.615Z] [hosting][populate queue][FINAL] {"max":1288,"min":1288,"avg":1288,"active":0,"complete":1,"success":1,"errored":0,"retried":0,"total":1,"elapsed":1297}
[debug] [2026-06-23T21:01:47.616Z] [hosting] uploads queued: 1
[debug] [2026-06-23T21:01:48.578Z] <<< [apiv2][status] POST https://upload-firebasehosting.googleapis.com/upload/sites/ipgate-31bd2/versions/65ebc6eb26e5c015/files/c94b0615991d69b9cb5fc4bb2f58ed7f6595138f7068ee33b603f73fbde87890 200
[debug] [2026-06-23T21:01:48.578Z] <<< [apiv2][body] POST https://upload-firebasehosting.googleapis.com/upload/sites/ipgate-31bd2/versions/65ebc6eb26e5c015/files/c94b0615991d69b9cb5fc4bb2f58ed7f6595138f7068ee33b603f73fbde87890 [stream]
[debug] [2026-06-23T21:01:48.579Z] [hosting][upload queue][FINAL] {"max":978,"min":978,"avg":978,"active":0,"complete":1,"success":1,"errored":0,"retried":0,"total":1,"elapsed":978}
[info] +  hosting[ipgate-31bd2]: file upload complete 
[debug] [2026-06-23T21:01:48.582Z] [hosting] deploy completed after 2365ms
[debug] [2026-06-23T21:01:48.582Z] [
  {
    "config": {
      "public": "public",
      "ignore": [
        "firebase.json",
        "**/.*",
        "**/node_modules/**"
      ],
      "cleanUrls": false,
      "trailingSlash": false,
      "rewrites": [
        {
          "source": "/tp-sorgu",
          "destination": "/tp-sorgu.html"
        },
        {
          "source": "/tp-sorgu.html",
          "destination": "/tp-sorgu.html"
        },
        {
          "source": "**",
          "destination": "/index.html"
        }
      ],
      "headers": [
        {
          "source": "**/*.@(html|js|css)",
          "headers": [
            {
              "key": "Cache-Control",
              "value": "no-cache, no-store, must-revalidate"
            }
          ]
        }
      ],
      "site": "ipgate-31bd2"
    },
    "version": "projects/105921768418/sites/ipgate-31bd2/versions/65ebc6eb26e5c015"
  }
]
[info] i  hosting[ipgate-31bd2]: finalizing version... 
[debug] [2026-06-23T21:01:48.588Z] Checked if tokens are valid: true, expires at: 1782250961999
[debug] [2026-06-23T21:01:48.588Z] Checked if tokens are valid: true, expires at: 1782250961999
[debug] [2026-06-23T21:01:48.588Z] >>> [apiv2][query] PATCH https://firebasehosting.googleapis.com/v1beta1/projects/-/sites/ipgate-31bd2/versions/65ebc6eb26e5c015 updateMask=status%2Cconfig
[debug] [2026-06-23T21:01:48.589Z] >>> [apiv2][body] PATCH https://firebasehosting.googleapis.com/v1beta1/projects/-/sites/ipgate-31bd2/versions/65ebc6eb26e5c015 {"status":"FINALIZED","config":{"rewrites":[{"glob":"/tp-sorgu","path":"/tp-sorgu.html"},{"glob":"/tp-sorgu.html","path":"/tp-sorgu.html"},{"glob":"**","path":"/index.html"}],"headers":[{"glob":"**/*.@(html|js|css)","headers":{"Cache-Control":"no-cache, no-store, must-revalidate"}}],"cleanUrls":false,"trailingSlashBehavior":"REMOVE"}}
